2021-01-05 22:30:34,197 INFO o.a.j.u.JMeterUtils: Setting Locale to en_EN
2021-01-05 22:30:34,221 INFO o.a.j.JMeter: Loading user properties from: user.properties
2021-01-05 22:30:34,237 INFO o.a.j.JMeter: Loading system properties from: system.properties
2021-01-05 22:30:34,245 INFO o.a.j.JMeter: Copyright (c) 1998-2020 The Apache Software Foundation
2021-01-05 22:30:34,246 INFO o.a.j.JMeter: Version 5.3
2021-01-05 22:30:34,246 INFO o.a.j.JMeter: java.version=1.8.0_181
2021-01-05 22:30:34,246 INFO o.a.j.JMeter: java.vm.name=Java HotSpot(TM) 64-Bit Server VM
2021-01-05 22:30:34,246 INFO o.a.j.JMeter: os.name=Windows 10
2021-01-05 22:30:34,246 INFO o.a.j.JMeter: os.arch=amd64
2021-01-05 22:30:34,246 INFO o.a.j.JMeter: os.version=10.0
2021-01-05 22:30:34,246 INFO o.a.j.JMeter: file.encoding=Cp1252
2021-01-05 22:30:34,246 INFO o.a.j.JMeter: java.awt.headless=null
2021-01-05 22:30:34,247 INFO o.a.j.JMeter: Max memory     =1073741824
2021-01-05 22:30:34,247 INFO o.a.j.JMeter: Available Processors =8
2021-01-05 22:30:34,252 INFO o.a.j.JMeter: Default Locale=English (EN)
2021-01-05 22:30:34,252 INFO o.a.j.JMeter: JMeter  Locale=English (EN)
2021-01-05 22:30:34,252 INFO o.a.j.JMeter: JMeterHome=C:\apache-jmeter-5.3
2021-01-05 22:30:34,252 INFO o.a.j.JMeter: user.dir  =C:\apache-jmeter-5.3\bin
2021-01-05 22:30:34,252 INFO o.a.j.JMeter: PWD       =C:\apache-jmeter-5.3\bin
2021-01-05 22:30:34,254 INFO o.a.j.JMeter: IP: 192.168.43.96 Name: DESKTOP-MU9NFGD FullName: DESKTOP-MU9NFGD
2021-01-05 22:30:34,348 INFO o.a.j.JMeter: Setting LAF to: com.github.weisj.darklaf.DarkLaf:com.github.weisj.darklaf.theme.DarculaTheme
2021-01-05 22:30:34,626 INFO o.a.j.JMeter: Loaded icon properties from org/apache/jmeter/images/icon.properties
